<?xml version="1.0" encoding="UTF-8"?>
<testng-results skipped="0" failed="0" ignored="0" total="2" passed="2">
  <reporter-output>
  </reporter-output>
  <suite name="Default suite" duration-ms="201417" started-at="2018-02-04T13:19:53Z" finished-at="2018-02-04T13:23:14Z">
    <groups>
      <group name="cucumber">
        <method signature="AbstractTestNGCucumberTests.feature(cucumber.api.testng.CucumberFeatureWrapper)[pri:0, instance:runner.TestRunner@3f49dace]" name="feature" class="cucumber.api.testng.AbstractTestNGCucumberTests"/>
      </group> <!-- cucumber -->
    </groups>
    <test name="Default test" duration-ms="201417" started-at="2018-02-04T13:19:53Z" finished-at="2018-02-04T13:23:14Z">
      <class name="runner.TestRunner">
        <test-method status="PASS" signature="setUpClass()[pri:0, instance:runner.TestRunner@3f49dace]" name="setUpClass" is-config="true" duration-ms="396" started-at="2018-02-04T13:19:53Z" finished-at="2018-02-04T13:19:53Z">
          <reporter-output>
          </reporter-output>
        </test-method> <!-- setUpClass -->
        <test-method status="PASS" signature="feature(cucumber.api.testng.CucumberFeatureWrapper)[pri:0, instance:runner.TestRunner@3f49dace]" name="feature" duration-ms="85624" started-at="2018-02-04T13:19:53Z" description="Runs Cucumber Feature" data-provider="features" finished-at="2018-02-04T13:21:19Z">
          <params>
            <param index="0">
              <value>
                <![CDATA[Place Order and verify if the order is displayed in Order history]]>
              </value>
            </param>
          </params>
          <reporter-output>
          </reporter-output>
        </test-method> <!-- feature -->
        <test-method status="PASS" signature="feature(cucumber.api.testng.CucumberFeatureWrapper)[pri:0, instance:runner.TestRunner@3f49dace]" name="feature" duration-ms="115241" started-at="2018-02-04T13:21:19Z" description="Runs Cucumber Feature" data-provider="features" finished-at="2018-02-04T13:23:14Z">
          <params>
            <param index="0">
              <value>
                <![CDATA[Update Personal Information on My Account Page]]>
              </value>
            </param>
          </params>
          <reporter-output>
          </reporter-output>
        </test-method> <!-- feature -->
        <test-method status="PASS" signature="tearDownClass()[pri:0, instance:runner.TestRunner@3f49dace]" name="tearDownClass" is-config="true" duration-ms="31" started-at="2018-02-04T13:23:14Z" finished-at="2018-02-04T13:23:14Z">
          <reporter-output>
          </reporter-output>
        </test-method> <!-- tearDownClass -->
      </class> <!-- runner.TestRunner -->
    </test> <!-- Default test -->
  </suite> <!-- Default suite -->
</testng-results>
