<?xml version="1.0" encoding="UTF-8"?>
<!-- Generated by org.testng.reporters.JUnitXMLReporter -->
<testsuite hostname="PUNITP143902L" ignored="0" name="Default test" tests="2" failures="0" timestamp="04 Feb 2018 13:23:14 GMT" time="201.417" errors="0">
  <testcase name="feature" time="85.624" classname="cucumber.api.testng.AbstractTestNGCucumberTests"/>
  <testcase name="feature" time="115.241" classname="cucumber.api.testng.AbstractTestNGCucumberTests"/>
</testsuite> <!-- Default test -->
